[17:06:42] [ServerMain/INFO]: [bootstrap] Running Java 21 (OpenJDK 64-Bit Server VM 21.0.5+11-Ubuntu-1ubuntu120.04; Ubuntu null) on Linux 6.5.0-1025-azure (amd64)
[17:06:42] [ServerMain/INFO]: [bootstrap] Loading Paper 1.21-130-master@b1b5d4c (2024-08-10T10:02:42Z) for Minecraft 1.21
[17:06:42] [ServerMain/INFO]: [PluginInitializerManager] Initializing plugins...
[17:06:44] [ServerMain/INFO]: [PluginInitializerManager] Initialized 12 plugins
[17:06:44] [ServerMain/INFO]: [PluginInitializerManager] Paper plugins (1):
 - HuskHomes (4.8.2)
[17:06:44] [ServerMain/INFO]: [PluginInitializerManager] Bukkit plugins (11):
 - AnimatedScoreboard (0.3.5), CommandPanels (3.21.4.2), Geyser-Spigot (2.5.0-SNAPSHOT), ItemEdit (3.5.5), LuckPerms (5.4.146), Multiverse-Core (4.3.14), OpeNLogin (1.6.7), PlaceholderAPI (2.11.6), SkinsRestorer (15.4.4), ViaVersion (5.1.1), floodgate (2.2.3-SNAPSHOT (b114-83fbd6e))
[17:06:48] [ServerMain/INFO]: Environment: Environment[sessionHost=https://sessionserver.mojang.com, servicesHost=https://api.minecraftservices.com, name=PROD]
[17:06:49] [ServerMain/INFO]: Loaded 1290 recipes
[17:06:49] [ServerMain/INFO]: Loaded 1399 advancements
[17:06:49] [Server thread/INFO]: Starting minecraft server version 1.21
[17:06:49] [Server thread/INFO]: Loading properties
[17:06:49] [Server thread/INFO]: This server is running Paper version 1.21-130-master@b1b5d4c (2024-08-10T10:02:42Z) (Implementing API version 1.21-R0.1-SNAPSHOT)
[17:06:50] [Server thread/INFO]: [spark] This server bundles the spark profiler. For more information please visit https://docs.papermc.io/paper/profiling
[17:06:50] [Server thread/INFO]: Server Ping Player Sample Count: 12
[17:06:50] [Server thread/INFO]: Using 4 threads for Netty based IO
[17:06:50] [Server thread/INFO]: [ChunkTaskScheduler] Chunk system is using 1 I/O threads, 1 worker threads, and population gen parallelism of 1 threads
[17:06:50] [Server thread/INFO]: Default game type: SURVIVAL
[17:06:50] [Server thread/INFO]: Generating keypair
[17:06:51] [Server thread/INFO]: Starting Minecraft server on *:25565
[17:06:51] [Server thread/INFO]: Using epoll channel type
[17:06:51] [Server thread/INFO]: Paper: Using libdeflate (Linux x86_64) compression from Velocity.
[17:06:51] [Server thread/INFO]: Paper: Using OpenSSL 1.1.x (Linux x86_64) cipher from Velocity.
[17:06:54] [Server thread/INFO]: [SpigotLibraryLoader] [ItemEdit] Loading 5 libraries... please wait
[17:06:54] [Server thread/INFO]: [SpigotLibraryLoader] [ItemEdit] Loaded library /workspaces/ServerEnderCore/servidor_minecraft/libraries/net/kyori/adventure-api/4.16.0/adventure-api-4.16.0.jar
[17:06:54] [Server thread/INFO]: [SpigotLibraryLoader] [ItemEdit] Loaded library /workspaces/ServerEnderCore/servidor_minecraft/libraries/net/kyori/adventure-key/4.16.0/adventure-key-4.16.0.jar
[17:06:54] [Server thread/INFO]: [SpigotLibraryLoader] [ItemEdit] Loaded library /workspaces/ServerEnderCore/servidor_minecraft/libraries/net/kyori/examination-api/1.3.0/examination-api-1.3.0.jar
[17:06:54] [Server thread/INFO]: [SpigotLibraryLoader] [ItemEdit] Loaded library /workspaces/ServerEnderCore/servidor_minecraft/libraries/net/kyori/examination-string/1.3.0/examination-string-1.3.0.jar
[17:06:54] [Server thread/INFO]: [SpigotLibraryLoader] [ItemEdit] Loaded library /workspaces/ServerEnderCore/servidor_minecraft/libraries/org/jetbrains/annotations/24.1.0/annotations-24.1.0.jar
[17:06:54] [Server thread/INFO]: [SpigotLibraryLoader] [ItemEdit] Loaded library /workspaces/ServerEnderCore/servidor_minecraft/libraries/net/kyori/adventure-platform-bukkit/4.3.2/adventure-platform-bukkit-4.3.2.jar
[17:06:54] [Server thread/INFO]: [SpigotLibraryLoader] [ItemEdit] Loaded library /workspaces/ServerEnderCore/servidor_minecraft/libraries/net/kyori/adventure-platform-api/4.3.2/adventure-platform-api-4.3.2.jar
[17:06:54] [Server thread/INFO]: [SpigotLibraryLoader] [ItemEdit] Loaded library /workspaces/ServerEnderCore/servidor_minecraft/libraries/net/kyori/adventure-text-serializer-bungeecord/4.3.2/adventure-text-serializer-bungeecord-4.3.2.jar
[17:06:54] [Server thread/INFO]: [SpigotLibraryLoader] [ItemEdit] Loaded library /workspaces/ServerEnderCore/servidor_minecraft/libraries/net/kyori/adventure-nbt/4.13.1/adventure-nbt-4.13.1.jar
[17:06:54] [Server thread/INFO]: [SpigotLibraryLoader] [ItemEdit] Loaded library /workspaces/ServerEnderCore/servidor_minecraft/libraries/net/kyori/adventure-text-serializer-gson-legacy-impl/4.13.1/adventure-text-serializer-gson-legacy-impl-4.13.1.jar
[17:06:54] [Server thread/INFO]: [SpigotLibraryLoader] [ItemEdit] Loaded library /workspaces/ServerEnderCore/servidor_minecraft/libraries/net/kyori/adventure-platform-facet/4.3.2/adventure-platform-facet-4.3.2.jar
[17:06:54] [Server thread/INFO]: [SpigotLibraryLoader] [ItemEdit] Loaded library /workspaces/ServerEnderCore/servidor_minecraft/libraries/net/kyori/adventure-platform-viaversion/4.3.2/adventure-platform-viaversion-4.3.2.jar
[17:06:54] [Server thread/INFO]: [SpigotLibraryLoader] [ItemEdit] Loaded library /workspaces/ServerEnderCore/servidor_minecraft/libraries/net/kyori/adventure-text-minimessage/4.16.0/adventure-text-minimessage-4.16.0.jar
[17:06:54] [Server thread/INFO]: [SpigotLibraryLoader] [ItemEdit] Loaded library /workspaces/ServerEnderCore/servidor_minecraft/libraries/net/kyori/adventure-text-serializer-gson/4.16.0/adventure-text-serializer-gson-4.16.0.jar
[17:06:54] [Server thread/INFO]: [SpigotLibraryLoader] [ItemEdit] Loaded library /workspaces/ServerEnderCore/servidor_minecraft/libraries/net/kyori/adventure-text-serializer-json/4.16.0/adventure-text-serializer-json-4.16.0.jar
[17:06:54] [Server thread/INFO]: [SpigotLibraryLoader] [ItemEdit] Loaded library /workspaces/ServerEnderCore/servidor_minecraft/libraries/net/kyori/option/1.0.0/option-1.0.0.jar
[17:06:54] [Server thread/INFO]: [SpigotLibraryLoader] [ItemEdit] Loaded library /workspaces/ServerEnderCore/servidor_minecraft/libraries/com/google/code/gson/gson/2.8.0/gson-2.8.0.jar
[17:06:54] [Server thread/INFO]: [SpigotLibraryLoader] [ItemEdit] Loaded library /workspaces/ServerEnderCore/servidor_minecraft/libraries/net/kyori/adventure-text-serializer-legacy/4.16.0/adventure-text-serializer-legacy-4.16.0.jar
[17:06:54] [Server thread/INFO]: [ViaVersion] Loading server plugin ViaVersion v5.1.1
[17:06:54] [Server thread/INFO]: [ViaVersion] ViaVersion 5.1.1 is now loaded. Registering protocol transformers and injecting...
[17:06:55] [Via-Mappingloader-0/INFO]: [ViaVersion] Loading block connection mappings ...
[17:06:55] [Via-Mappingloader-0/INFO]: [ViaVersion] Using FastUtil Long2ObjectOpenHashMap for block connections
[17:06:56] [Server thread/INFO]: [floodgate] Loading server plugin floodgate v2.2.3-SNAPSHOT (b114-83fbd6e)
[17:06:57] [Server thread/WARN]: [floodgate] en_ is not a supported Floodgate language.
[17:06:58] [Server thread/INFO]: [floodgate] Took 1,429ms to boot Floodgate
[17:06:58] [Server thread/INFO]: [PlaceholderAPI] Loading server plugin PlaceholderAPI v2.11.6
[17:06:58] [Server thread/INFO]: [LuckPerms] Loading server plugin LuckPerms v5.4.146
[17:06:59] [Server thread/INFO]: [CommandPanels] Loading server plugin CommandPanels v3.21.4.2
[17:06:59] [Server thread/INFO]: [Multiverse-Core] Loading server plugin Multiverse-Core v4.3.14
[17:06:59] [Server thread/INFO]: [HuskHomes] Loading server plugin HuskHomes v4.8.2
[17:06:59] [Server thread/INFO]: [PlaceholderAPI] Successfully registered internal expansion: huskhomes [4.8.2]
[17:06:59] [Server thread/INFO]: [HuskHomes] Registered 'on_load' hooks
[17:06:59] [Server thread/INFO]: [HuskHomes] Successfully loaded HuskHomes v4.8.2
[17:06:59] [Server thread/INFO]: [AnimatedScoreboard] Loading server plugin AnimatedScoreboard v0.3.5
[17:06:59] [Server thread/INFO]: [OpeNLogin] Loading server plugin OpeNLogin v1.6.7
[17:06:59] [Server thread/INFO]: [Geyser-Spigot] Loading server plugin Geyser-Spigot v2.5.0-SNAPSHOT
[17:07:01] [Server thread/INFO]: [Geyser-Spigot] Loading extensions...
[17:07:01] [Server thread/INFO]: [Geyser-Spigot] Loaded 0 extension(s)
[17:07:01] [Server thread/INFO]: [SkinsRestorer] Loading server plugin SkinsRestorer v15.4.4
[17:07:01] [Server thread/INFO]: [ItemEdit] Loading server plugin ItemEdit v3.5.5
[17:07:01] [Server thread/INFO]: Server permissions file permissions.yml is empty, ignoring it
[17:07:01] [Server thread/INFO]: [LuckPerms] Enabling LuckPerms v5.4.146
[17:07:01] [Server thread/INFO]:         __    
[17:07:01] [Server thread/INFO]:   |    |__)   LuckPerms v5.4.146
[17:07:01] [Server thread/INFO]:   |___ |      Running on Bukkit - Paper
[17:07:01] [Server thread/INFO]: 
[17:07:01] [Server thread/INFO]: [LuckPerms] Loading configuration...
[17:07:02] [Server thread/INFO]: [LuckPerms] Loading storage provider... [H2]
[17:07:02] [Server thread/INFO]: [LuckPerms] Loading internal permission managers...
[17:07:02] [Server thread/INFO]: [LuckPerms] Performing initial data load...
[17:07:02] [Server thread/INFO]: [LuckPerms] Successfully enabled. (took 1269ms)
[17:07:02] [Server thread/INFO]: [SkinsRestorer] Enabling SkinsRestorer v15.4.4
[17:07:03] [Server thread/WARN]: [SkinsRestorer] You must agree to the rules at 'commands.perSkinPermissionsConsent' in the config to use per skin permissions.
[17:07:04] [Server thread/INFO]: [SkinsRestorer] Running on Minecraft 1.21.0.
[17:07:04] [Server thread/INFO]: [SkinsRestorer] Floodgate skin listener registered
[17:07:05] [Server thread/INFO]: [SkinsRestorer] Using paper join listener!
[17:07:05] [Server thread/INFO]: [PlaceholderAPI] Successfully registered internal expansion: skinsrestorer [15.4.4]
[17:07:05] [Server thread/INFO]: [SkinsRestorer] PlaceholderAPI expansion registered!
[17:07:05] [Server thread/WARN]: **** SERVER IS RUNNING IN OFFLINE/INSECURE MODE!
[17:07:05] [Server thread/WARN]: The server will make no attempt to authenticate usernames. Beware.
[17:07:05] [Server thread/WARN]: While this makes the game possible to play without internet access, it also opens up the ability for hackers to connect with any username they choose.
[17:07:05] [Server thread/WARN]: To change this, set "online-mode" to "true" in the server.properties file.
[17:07:05] [Server thread/INFO]: Preparing level "world"
[17:07:05] [Folia Async Scheduler Thread #1/INFO]: [SkinsRestorer] ----------------------------------------------
[17:07:05] [Folia Async Scheduler Thread #1/INFO]: [SkinsRestorer]     +==================+
[17:07:05] [Folia Async Scheduler Thread #1/INFO]: [SkinsRestorer]     |   SkinsRestorer  |
[17:07:05] [Folia Async Scheduler Thread #1/INFO]: [SkinsRestorer]     |------------------|
[17:07:05] [Folia Async Scheduler Thread #1/INFO]: [SkinsRestorer]     |  Standalone Mode |
[17:07:05] [Folia Async Scheduler Thread #1/INFO]: [SkinsRestorer]     +==================+
[17:07:05] [Folia Async Scheduler Thread #1/INFO]: [SkinsRestorer] ----------------------------------------------
[17:07:05] [Folia Async Scheduler Thread #1/INFO]: [SkinsRestorer]     Version: 15.4.4
[17:07:05] [Folia Async Scheduler Thread #1/INFO]: [SkinsRestorer]     Commit: dc501c7
[17:07:05] [Folia Async Scheduler Thread #1/INFO]: [SkinsRestorer]     This is the latest version!
[17:07:05] [Folia Async Scheduler Thread #1/INFO]: [SkinsRestorer] ----------------------------------------------
[17:07:05] [Folia Async Scheduler Thread #1/INFO]: [SkinsRestorer] Do you have issues? Read our troubleshooting guide: https://skinsrestorer.net/docs/troubleshooting
[17:07:05] [Folia Async Scheduler Thread #1/INFO]: [SkinsRestorer] Want to support SkinsRestorer? Consider donating: https://skinsrestorer.net/donate
[17:07:05] [Server thread/INFO]: Preparing start region for dimension minecraft:overworld
[17:07:06] [Server thread/INFO]: Time elapsed: 1282 ms
[17:07:06] [Server thread/INFO]: Preparing start region for dimension minecraft:the_nether
[17:07:07] [Server thread/INFO]: Time elapsed: 165 ms
[17:07:07] [Server thread/INFO]: Preparing start region for dimension minecraft:the_end
[17:07:07] [Server thread/INFO]: Time elapsed: 127 ms
[17:07:07] [Server thread/INFO]: [ViaVersion] Enabling ViaVersion v5.1.1
[17:07:07] [Server thread/INFO]: [ViaVersion] ViaVersion detected server version: 1.21-1.21.1 (767)
[17:07:07] [Server thread/INFO]: [floodgate] Enabling floodgate v2.2.3-SNAPSHOT (b114-83fbd6e)
[17:07:08] [Server thread/INFO]: [PlaceholderAPI] Enabling PlaceholderAPI v2.11.6
[17:07:08] [Server thread/INFO]: [PlaceholderAPI] Fetching available expansion information...
[17:07:08] [Server thread/INFO]: [CommandPanels] Enabling CommandPanels v3.21.4.2
[17:07:08] [Server thread/INFO]: [CommandPanels] RockyHawk's CommandPanels v3.21.4.2 Plugin Loading...
[17:07:08] [Server thread/INFO]: [PlaceholderAPI] Successfully registered internal expansion: commandpanels [1.0.0]
[17:07:08] [Server thread/INFO]: [CommandPanels] RockyHawk's CommandPanels v3.21.4.2 Plugin Loaded!
[17:07:08] [Server thread/INFO]: [Multiverse-Core] Enabling Multiverse-Core v4.3.14
[17:07:08] [Server thread/WARN]: [Multiverse-Core] "Multiverse-Core v4.3.14" has registered a listener for org.bukkit.event.entity.EntityCreatePortalEvent on method "public void com.onarandombox.MultiverseCore.listeners.MVPortalListener.entityPortalCreate(org.bukkit.event.entity.EntityCreatePortalEvent)", but the event is Deprecated. "Server performance will be affected"; please notify the authors [dumptruckman, Rigby, fernferret, lithium3141, main--].
[17:07:08] [Server thread/INFO]: [Multiverse-Core] §aWe are aware of the warning about the deprecated event. There is no alternative that allows us to do what we need to do and performance impact is negligible. It is safe to ignore.
[17:07:08] [Server thread/INFO]: Preparing start region for dimension minecraft:lobby
[17:07:09] [Server thread/INFO]: Time elapsed: 135 ms
[17:07:09] [Server thread/INFO]: [Multiverse-Core] 4 - World(s) loaded.
[17:07:09] [Server thread/WARN]: [Multiverse-Core] Buscript failed to load! The script command will be disabled! If you would like not to see this message, use `/mv conf enablebuscript false` to disable Buscript from loading.
[17:07:09] [Server thread/INFO]: [Multiverse-Core] Version 4.3.14 (API v24) Enabled - By dumptruckman, Rigby, fernferret, lithium3141 and main--
[17:07:09] [Server thread/INFO]: [HuskHomes] Enabling HuskHomes v4.8.2
[17:07:09] [Server thread/INFO]: [HuskHomes] Registered 'on_enable' hooks
[17:07:09] [Server thread/INFO]: [HuskHomes] Successfully enabled HuskHomes v4.8.2
[17:07:09] [Server thread/INFO]: [AnimatedScoreboard] Enabling AnimatedScoreboard v0.3.5
[17:07:09] [Server thread/INFO]: [PlaceholderAPI] Successfully registered internal expansion: animatedscoreboard [0.0.1]
[17:07:09] [Server thread/INFO]: [OpeNLogin] Enabling OpeNLogin v1.6.7
[17:07:09] [Server thread/INFO]: [OpeNLogin]    ___                __  __             _ 
[17:07:09] [Server thread/INFO]: [OpeNLogin]   /___\_ __   ___  /\ \ \/ /  ___   __ _(_)_ __
[17:07:09] [Server thread/INFO]: [OpeNLogin]  //  // '_ \ / _ \/  \/ / /  / _ \ / _` | | '_ \
[17:07:09] [Server thread/INFO]: [OpeNLogin] / \_//| |_) |  __/ /\  / /__| (_) | (_| | | | | |
[17:07:09] [Server thread/INFO]: [OpeNLogin] \___/ | .__/ \___\_\ \/\____/\___/ \__, |_|_| |_|
[17:07:09] [Server thread/INFO]: [OpeNLogin]       |_|                          |___/         
[17:07:09] [Server thread/INFO]: [OpeNLogin] By: www.nickuc.com / github.com/nickuc/OpeNLogin - V 1.6.7
[17:07:09] [Server thread/INFO]: [OpeNLogin] 
[17:07:09] [Server thread/INFO]: [Geyser-Spigot] Enabling Geyser-Spigot v2.5.0-SNAPSHOT
[17:07:10] [Server thread/INFO]: [ItemEdit] Enabling ItemEdit v3.5.5
[17:07:10] [Server thread/INFO]: [ItemEdit] Hooking into MiniMessageAPI see https://webui.advntr.dev/
[17:07:10] [Server thread/INFO]: [ItemEdit] Selected Storage Type: YAML
[17:07:11] [Server thread/INFO]: [ItemEdit] Unable to hook into Vault
[17:07:11] [Server thread/INFO]: [ItemEdit] Hooking into PlaceHolderAPI
[17:07:11] [Server thread/INFO]: [ItemEdit] placeholders:
[17:07:11] [Server thread/INFO]: [ItemEdit]   %itemedit_amount_<{itemid}>_[{slot}]_[{player}]%
[17:07:11] [Server thread/INFO]: [ItemEdit]     shows how many itemid player has on slot
[17:07:11] [Server thread/INFO]: [ItemEdit]     <{itemid}> for item id on serveritem
[17:07:11] [Server thread/INFO]: [ItemEdit]     [{slot}] for the slot where the item should be counted, by default inventory
[17:07:11] [Server thread/INFO]: [ItemEdit]       Values: inventory (include offhand), equip (include offhand), inventoryandequip (include offhand), hand, offhand, head, chest, legs, feet
[17:07:11] [Server thread/INFO]: [ItemEdit]     [{player}] for the player, by default self
[17:07:11] [Server thread/INFO]: [ItemEdit]     example: %itemedit_amount_{my_item_id}_{hand}%
[17:07:11] [Server thread/INFO]: [PlaceholderAPI] Successfully registered internal expansion: itemedit [1.0]
[17:07:11] [Server thread/INFO]: [ItemEdit] # Enabled (took 492 ms)
[17:07:11] [Server thread/INFO]: [spark] Starting background profiler...
[17:07:11] [Server thread/INFO]: [PlaceholderAPI] Placeholder expansion registration initializing...
[17:07:11] [Server thread/INFO]: [Geyser-Spigot] ******************************************
[17:07:11] [Server thread/INFO]: [Geyser-Spigot] 
[17:07:11] [Server thread/INFO]: [Geyser-Spigot] Loading Geyser version 2.5.0-b716 (git-master-2ebce9c)
[17:07:11] [Server thread/INFO]: [Geyser-Spigot] 
[17:07:11] [Server thread/INFO]: [Geyser-Spigot] ******************************************
[17:07:19] [epollEventLoopGroup-3-1/INFO]: [Geyser-Spigot] Started Geyser on UDP port 19132
[17:07:19] [Server thread/INFO]: [Geyser-Spigot] Done (7.284s)! Run /geyser help for help!
[17:07:19] [Server thread/INFO]: Done preparing level "world" (14.248s)
[17:07:19] [Server thread/INFO]: Running delayed init tasks
[17:07:19] [Server thread/INFO]: [PlaceholderAPI] Successfully registered external expansion: player [2.0.8]
[17:07:19] [Craft Scheduler Thread - 2 - ViaVersion/INFO]: [ViaVersion] Finished mapping loading, shutting down loader executor.
[17:07:19] [Server thread/INFO]: 1 placeholder hook(s) registered!
[17:07:19] [Craft Scheduler Thread - 6 - AnimatedScoreboard/INFO]: [AnimatedScoreboard] Checking for an update!
[17:07:19] [Server thread/INFO]: Done (37.486s)! For help, type "help"
[17:07:19] [Server thread/INFO]: Timings Reset
[17:07:19] [Craft Scheduler Thread - 6 - AnimatedScoreboard/INFO]: [AnimatedScoreboard] No new versions found for the plugin!
[17:07:24] [Craft Scheduler Thread - 0 - HuskHomes/INFO]: [HuskHomes] Registered 'after_load' hooks
[17:08:58] [User Authenticator #0/INFO]: UUID of player MLSplatoon is b9bfeaa6-d116-3d14-a79f-220394ded503
[17:08:59] [Server thread/INFO]: MLSplatoon joined the game
[17:09:00] [Server thread/INFO]: MLSplatoon[/127.215.139.176:46583] logged in with entity id 78 at ([Lobby]-1.0566021575495086, -60.0, 2.300000011920929)
[17:09:09] [Server thread/INFO]: MLSplatoon issued server command: /gamemode creative
[17:09:09] [Server thread/INFO]: [MLSplatoon: Set own game mode to Creative Mode]
[17:09:11] [Server thread/INFO]: MLSplatoon issued server command: /plugins
[17:09:13] [Server thread/INFO]: MLSplatoon lost connection: Disconnected
[17:09:13] [Server thread/INFO]: MLSplatoon left the game
[17:09:45] [User Authenticator #0/INFO]: UUID of player MLSplatoon is b9bfeaa6-d116-3d14-a79f-220394ded503
[17:09:46] [Server thread/INFO]: MLSplatoon joined the game
[17:09:46] [Server thread/INFO]: MLSplatoon[/127.215.139.176:40793] logged in with entity id 119 at ([Lobby]-1.699999988079071, -60.0, 2.533072263366285)
[17:09:51] [Server thread/INFO]: MLSplatoon issued server command: /gamemode creative
[17:09:51] [Server thread/INFO]: [MLSplatoon: Set own game mode to Creative Mode]
[17:10:02] [Server thread/INFO]: MLSplatoon issued server command: /ping
[17:14:53] [Server thread/INFO]: MLSplatoon issued server command: /menu
[17:14:53] [Server thread/INFO]: [NBTAPI] [NBTAPI] Found Minecraft: 1.21! Trying to find NMS support
[17:14:53] [Server thread/INFO]: [NBTAPI] [NBTAPI] NMS support 'MC1_21_R1' loaded!
[17:14:53] [Server thread/INFO]: [NBTAPI] [NBTAPI] Using the plugin 'CommandPanels' to create a bStats instance!
[17:15:17] [Server thread/INFO]: MLSplatoon issued server command: /menu
[17:15:19] [Server thread/INFO]: Multiverse does not know how to take you to PvP
[17:15:20] [Server thread/INFO]: Multiverse does not know how to take you to PvP
[17:15:23] [Server thread/INFO]: Multiverse does not know how to take you to PvP
[17:15:24] [Server thread/INFO]: Multiverse does not know how to take you to SurvivalB
[17:15:35] [Server thread/INFO]: MLSplatoon issued server command: /menu
[17:15:40] [Server thread/INFO]: MLSplatoon issued server command: /gamemode creative
[17:15:40] [Server thread/INFO]: [MLSplatoon: Set own game mode to Creative Mode]
[17:15:47] [Server thread/INFO]: MLSplatoon issued server command: /stop
[17:15:47] [Server thread/INFO]: [MLSplatoon: Stopping the server]
[17:15:47] [Server thread/INFO]: Stopping server
[17:15:47] [Server thread/INFO]: [ItemEdit] Disabling ItemEdit v3.5.5
[17:15:47] [Server thread/INFO]: [PlaceholderAPI] Unregistered placeholder expansion itemedit
[17:15:47] [Server thread/INFO]: [PlaceholderAPI] Reason: required plugin ItemEdit was disabled.
[17:15:47] [Server thread/INFO]: [SkinsRestorer] Disabling SkinsRestorer v15.4.4
[17:15:47] [Server thread/INFO]: [Geyser-Spigot] Disabling Geyser-Spigot v2.5.0-SNAPSHOT
[17:15:47] [Server thread/INFO]: [Geyser-Spigot] Shutting down Geyser.
[17:15:47] [Server thread/INFO]: [Geyser-Spigot] Geyser shutdown successfully.
[17:15:47] [Server thread/INFO]: [OpeNLogin] Disabling OpeNLogin v1.6.7
[17:15:47] [Server thread/INFO]: [AnimatedScoreboard] Disabling AnimatedScoreboard v0.3.5
[17:15:47] [Server thread/INFO]: [HuskHomes] Disabling HuskHomes v4.8.2
[17:15:47] [Server thread/INFO]: [HuskHomes] Disabling HuskHomes v4.8.2...
[17:15:47] [Server thread/INFO]: [HuskHomes] Successfully disabled HuskHomes v4.8.2
[17:15:47] [Server thread/INFO]: [Multiverse-Core] Disabling Multiverse-Core v4.3.14
[17:15:47] [WebSocketConnectReadThread-130/INFO]: [Geyser-Spigot] The skin uploader has been closed
[17:15:47] [Server thread/INFO]: [CommandPanels] Disabling CommandPanels v3.21.4.2
[17:15:47] [Server thread/INFO]: RockyHawk's CommandPanels Plugin Disabled, aww man.
[17:15:47] [Server thread/INFO]: [LuckPerms] Disabling LuckPerms v5.4.146
[17:15:47] [Server thread/INFO]: [LuckPerms] Starting shutdown process...
[17:15:47] [Server thread/INFO]: [LuckPerms] Closing storage...
[17:15:47] [Server thread/INFO]: [LuckPerms] Goodbye!
[17:15:47] [Server thread/INFO]: [PlaceholderAPI] Disabling PlaceholderAPI v2.11.6
[17:15:47] [Server thread/INFO]: [floodgate] Disabling floodgate v2.2.3-SNAPSHOT (b114-83fbd6e)
[17:15:47] [Server thread/INFO]: [ViaVersion] Disabling ViaVersion v5.1.1
[17:15:47] [Server thread/INFO]: [ViaVersion] ViaVersion has been disabled; uninjected the platform and shut down the scheduler.
[17:15:47] [Server thread/INFO]: Saving players
[17:15:47] [Server thread/INFO]: MLSplatoon lost connection: Server closed
[17:15:47] [Server thread/INFO]: MLSplatoon left the game
[17:15:47] [Server thread/INFO]: Saving worlds
[17:15:47] [Server thread/INFO]: Saving chunks for level 'ServerLevel[world]'/minecraft:overworld
[17:15:47] [Server thread/INFO]: [ChunkHolderManager] Waiting 60s for chunk system to halt for world 'world'
[17:15:47] [Server thread/INFO]: [ChunkHolderManager] Halted chunk system for world 'world'
[17:15:47] [Server thread/INFO]: [ChunkHolderManager] Saving all chunkholders for world 'world'
[17:15:49] [Server thread/INFO]: [ChunkHolderManager] Saved 816 block chunks, 814 entity chunks, 0 poi chunks in world 'world' in 1.58s
[17:15:49] [Server thread/INFO]: Saving chunks for level 'ServerLevel[world_nether]'/minecraft:the_nether
[17:15:49] [Server thread/INFO]: [ChunkHolderManager] Waiting 60s for chunk system to halt for world 'world_nether'
[17:15:49] [Server thread/INFO]: [ChunkHolderManager] Halted chunk system for world 'world_nether'
[17:15:49] [Server thread/INFO]: [ChunkHolderManager] Saving all chunkholders for world 'world_nether'
[17:15:49] [Server thread/INFO]: [ChunkHolderManager] Saved 0 block chunks, 5 entity chunks, 0 poi chunks in world 'world_nether' in 0.00s
[17:15:49] [Server thread/INFO]: Saving chunks for level 'ServerLevel[world_the_end]'/minecraft:the_end
[17:15:49] [Server thread/INFO]: [ChunkHolderManager] Waiting 60s for chunk system to halt for world 'world_the_end'
[17:15:49] [Server thread/INFO]: [ChunkHolderManager] Halted chunk system for world 'world_the_end'
[17:15:49] [Server thread/INFO]: [ChunkHolderManager] Saving all chunkholders for world 'world_the_end'
[17:15:49] [Server thread/INFO]: [ChunkHolderManager] Saved 0 block chunks, 10 entity chunks, 0 poi chunks in world 'world_the_end' in 0.00s
[17:15:49] [Server thread/INFO]: Saving chunks for level 'ServerLevel[Lobby]'/minecraft:lobby
[17:15:49] [Server thread/INFO]: [ChunkHolderManager] Waiting 60s for chunk system to halt for world 'Lobby'
[17:15:49] [Server thread/INFO]: [ChunkHolderManager] Halted chunk system for world 'Lobby'
[17:15:49] [Server thread/INFO]: [ChunkHolderManager] Saving all chunkholders for world 'Lobby'
[17:15:49] [Server thread/INFO]: [ChunkHolderManager] Saved 207 block chunks, 215 entity chunks, 1 poi chunks in world 'Lobby' in 0.08s
[17:15:49] [Server thread/INFO]: ThreadedAnvilChunkStorage (world): All chunks are saved
[17:15:49] [Server thread/INFO]: ThreadedAnvilChunkStorage (DIM-1): All chunks are saved
[17:15:49] [Server thread/INFO]: ThreadedAnvilChunkStorage (DIM1): All chunks are saved
[17:15:49] [Server thread/INFO]: ThreadedAnvilChunkStorage (Lobby): All chunks are saved
[17:15:49] [Server thread/INFO]: ThreadedAnvilChunkStorage: All dimensions are saved
